<?xml version="1.0" encoding="UTF-8"?>
<testng-results ignored="0" total="1" passed="1" failed="0" skipped="0">
  <reporter-output>
  </reporter-output>
  <suite started-at="2022-06-20T15:03:03 IST" name="Suite01" finished-at="2022-06-20T15:05:56 IST" duration-ms="172434">
    <groups>
    </groups>
    <test started-at="2022-06-20T15:03:03 IST" name="Test01" finished-at="2022-06-20T15:05:56 IST" duration-ms="172434">
      <class name="com.sn.Testcases.IncidentCreateTest">
        <test-method is-config="true" signature="setup()[pri:0, instance:com.sn.Testcases.IncidentCreateTest@4f32a3ad]" started-at="2022-06-20T15:03:05 IST" name="setup" finished-at="2022-06-20T15:05:16 IST" duration-ms="131208" status="PASS">
          <reporter-output>
          </reporter-output>
        </test-method> <!-- setup -->
        <test-method signature="incidentCreate01(java.lang.String,java.lang.String)[pri:0, instance:com.sn.Testcases.IncidentCreateTest@4f32a3ad]" started-at="2022-06-20T15:05:16 IST" name="incidentCreate01" data-provider="getTestData" finished-at="2022-06-20T15:05:55 IST" duration-ms="38758" status="PASS">
          <params>
            <param index="0">
              <value>
                <![CDATA[Abel Tuter]]>
              </value>
            </param>
            <param index="1">
              <value>
                <![CDATA[Network Error]]>
              </value>
            </param>
          </params>
          <reporter-output>
          </reporter-output>
        </test-method> <!-- incidentCreate01 -->
        <test-method is-config="true" signature="teardown()[pri:0, instance:com.sn.Testcases.IncidentCreateTest@4f32a3ad]" started-at="2022-06-20T15:05:55 IST" name="teardown" finished-at="2022-06-20T15:05:56 IST" duration-ms="733" status="PASS">
          <reporter-output>
          </reporter-output>
        </test-method> <!-- teardown -->
      </class> <!-- com.sn.Testcases.IncidentCreateTest -->
    </test> <!-- Test01 -->
  </suite> <!-- Suite01 -->
</testng-results>
